#-----------------------------------------------------------
# Webtalk v2015.3 (64-bit)
# SW Build 1368829 on Mon Sep 28 20:06:43 MDT 2015
# 
# Start of session at: Tue Aug 02 11:07:38 2016
# Process ID: 2732
# Current directory: C:/Xilinx/Projects/VGA_example/VGA_example.sdk/webtalk
# Command line: wbtcv.exe -mode batch -source sdk_webtalk.tcl
# Log file: C:/Xilinx/Projects/VGA_example/VGA_example.sdk/webtalk/webtalk.log
# Journal file: C:/Xilinx/Projects/VGA_example/VGA_example.sdk/webtalk\webtalk.jou
#-----------------------------------------------------------
source sdk_webtalk.tcl
# webtalk_init -webtalk_dir C:\\Xilinx\\Projects\\VGA_example\\VGA_example.sdk\\webtalk
# webtalk_register_client -client project
# webtalk_add_data -client project -key date_generated -value "Tue Aug 2 11:07:37 2016" -context "software_version_and_target_device"
# webtalk_add_data -client project -key product_version -value "SDK v2015.3" -context "software_version_and_target_device"
# webtalk_add_data -client project -key build_version -value "2015.3" -context "software_version_and_target_device"
# webtalk_add_data -client project -key os_platform -value "amd64" -context "software_version_and_target_device"
# webtalk_add_data -client project -key registration_id -value "" -context "software_version_and_target_device"
# webtalk_add_data -client project -key tool_flow -value "SDK" -context "software_version_and_target_device"
# webtalk_add_data -client project -key beta -value "false" -context "software_version_and_target_device"
# webtalk_add_data -client project -key route_design -value "NA" -context "software_version_and_target_device"
# webtalk_add_data -client project -key target_family -value "NA" -context "software_version_and_target_device"
# webtalk_add_data -client project -key target_device -value "NA" -context "software_version_and_target_device"
# webtalk_add_data -client project -key target_package -value "NA" -context "software_version_and_target_device"
# webtalk_add_data -client project -key target_speed -value "NA" -context "software_version_and_target_device"
# webtalk_add_data -client project -key random_id -value "2gu233bjdn7p5t8dhek1095io2" -context "software_version_and_target_device"
# webtalk_add_data -client project -key project_id -value "2015.3_18" -context "software_version_and_target_device"
# webtalk_add_data -client project -key project_iteration -value "18" -context "software_version_and_target_device"
# webtalk_add_data -client project -key os_name -value "" -context "user_environment"
# webtalk_add_data -client project -key os_release -value "" -context "user_environment"
# webtalk_add_data -client project -key cpu_name -value "" -context "user_environment"
# webtalk_add_data -client project -key cpu_speed -value "" -context "user_environment"
# webtalk_add_data -client project -key total_processors -value "" -context "user_environment"
# webtalk_add_data -client project -key system_ram -value "" -context "user_environment"
# webtalk_register_client -client sdk
# webtalk_add_data -client sdk -key uid -value "1470150227388" -context "sdk\\\\hardware/1470150227388"
# webtalk_add_data -client sdk -key isZynq -value "true" -context "sdk\\\\hardware/1470150227388"
# webtalk_add_data -client sdk -key Processors -value "2" -context "sdk\\\\hardware/1470150227388"
# webtalk_add_data -client sdk -key VivadoVersion -value "2015.3" -context "sdk\\\\hardware/1470150227388"
# webtalk_add_data -client sdk -key Arch -value "zynq" -context "sdk\\\\hardware/1470150227388"
# webtalk_add_data -client sdk -key Device -value "7z010" -context "sdk\\\\hardware/1470150227388"
# webtalk_add_data -client sdk -key IsHandoff -value "true" -context "sdk\\\\hardware/1470150227388"
# webtalk_add_data -client sdk -key uid -value "1470150297326" -context "sdk\\\\bsp/1470150297326"
# webtalk_add_data -client sdk -key hwid -value "1470150227388" -context "sdk\\\\bsp/1470150297326"
# webtalk_add_data -client sdk -key os -value "standalone" -context "sdk\\\\bsp/1470150297326"
# webtalk_add_data -client sdk -key apptemplate -value "null" -context "sdk\\\\bsp/1470150297326"
# webtalk_transmit -clientid 3298283393 -regid "" -xml C:\\Xilinx\\Projects\\VGA_example\\VGA_example.sdk\\webtalk\\usage_statistics_ext_sdk.xml -html C:\\Xilinx\\Projects\\VGA_example\\VGA_example.sdk\\webtalk\\usage_statistics_ext_sdk.html -wdm C:\\Xilinx\\Projects\\VGA_example\\VGA_example.sdk\\webtalk\\sdk_webtalk.wdm -intro "<H3>SDK Usage Report</H3><BR>"
# webtalk_terminate
INFO: [Common 17-206] Exiting Webtalk at Tue Aug 02 11:07:44 2016...
